Arguments: 
  /Users/underdog/.nvm/versions/node/v9.2.0/bin/node /Users/underdog/.nvm/versions/node/v9.2.0/bin/yarn add bluebirth

PATH: 
  /Users/underdog/vyper-venv/bin:/Users/underdog/.nvm/versions/node/v9.2.0/bin:/Users/underdog/go/bin:/usr/local/bin:/usr/local/sbin:/usr/local/bin:/usr/bin:/bin:/usr/sbin:/sbin

Yarn version: 
  1.9.4

Node version: 
  9.2.0

Platform: 
  darwin x64

Trace: 
  Error: https://registry.yarnpkg.com/bluebirth: Not found
      at Request.params.callback [as _callback] (/Users/underdog/.nvm/versions/node/v9.2.0/lib/node_modules/yarn/lib/cli.js:64202:18)
      at Request.self.callback (/Users/underdog/.nvm/versions/node/v9.2.0/lib/node_modules/yarn/lib/cli.js:137468:22)
      at Request.emit (events.js:159:13)
      at Request.<anonymous> (/Users/underdog/.nvm/versions/node/v9.2.0/lib/node_modules/yarn/lib/cli.js:138440:10)
      at Request.emit (events.js:159:13)
      at IncomingMessage.<anonymous> (/Users/underdog/.nvm/versions/node/v9.2.0/lib/node_modules/yarn/lib/cli.js:138362:12)
      at Object.onceWrapper (events.js:254:19)
      at IncomingMessage.emit (events.js:164:20)
      at endReadableNT (_stream_readable.js:1054:12)
      at _combinedTickCallback (internal/process/next_tick.js:138:11)

npm manifest: 
  {
    "name": "identity-contract",
    "version": "1.0.0",
    "description": "Simple Ethereum Identity Contract write in Vyper",
    "main": "index.js",
    "directories": {
      "test": "test"
    },
    "scripts": {
      "build:sol": "truffle compile",
      "build:vyper": "truper",
      "build": "yarn run build:sol && yarn run build:vyper",
      "console": "truffle console",
      "migrate:ganache": "truffle migrate --network ganache",
      "migrate:mainnet": "truffle migrate --network mainnet",
      "test": "truffle test"
    },
    "repository": {
      "type": "git",
      "url": "git+https://github.com/magiceddy/Identity-Contract.git"
    },
    "keywords": [
      "Ethereum",
      "Vyper",
      "Identity",
      "Truffle"
    ],
    "author": "Rinaldo Rossi",
    "license": "MIT",
    "bugs": {
      "url": "https://github.com/magiceddy/Identity-Contract/issues"
    },
    "homepage": "https://github.com/magiceddy/Identity-Contract#readme",
    "dependencies": {
      "moment": "^2.22.2"
    }
  }

yarn manifest: 
  No manifest

Lockfile: 
  # THIS IS AN AUTOGENERATED FILE. DO NOT EDIT THIS FILE DIRECTLY.
  # yarn lockfile v1
  
  
  moment@^2.22.2:
    version "2.22.2"
    resolved "https://registry.yarnpkg.com/moment/-/moment-2.22.2.tgz#3c257f9839fc0e93ff53149632239eb90783ff66"
